{
  "stats": {
    "suites": 4,
    "tests": 10,
    "passes": 10,
    "pending": 0,
    "failures": 0,
    "testsRegistered": 10,
    "passPercent": 100,
    "pendingPercent": 0,
    "other": 0,
    "hasOther": false,
    "skipped": 0,
    "hasSkipped": false,
    "start": "2024-08-07T05:38:19.883Z",
    "end": "2024-08-07T05:42:53.584Z",
    "duration": 273701
  },
  "results": [
    {
      "uuid": "590835cd-8569-4e7e-a061-6ca9750adf82",
      "title": "",
      "fullFile": "cypress\\e2e\\imdbTests.cy.js",
      "file": "cypress\\e2e\\imdbTests.cy.js",
      "beforeHooks": [],
      "afterHooks": [],
      "tests": [],
      "suites": [
        {
          "uuid": "c52c7dc9-d6ec-4164-bbe4-4229541b41db",
          "title": "Brite Test Frontend in firefox",
          "fullFile": "",
          "file": "",
          "beforeHooks": [],
          "afterHooks": [],
          "tests": [
            {
              "title": "Test top box office",
              "fullTitle": "Brite Test Frontend in firefox Test top box office",
              "timedOut": null,
              "duration": 30596,
              "state": "passed",
              "speed": "slow",
              "pass": true,
              "fail": false,
              "pending": false,
              "context": null,
              "code": "landingPage.menuBar('Top Box Office');\nlandingPage.clickByContains('2.');\nmoviePage.imdbRating();\nmoviePage.userRatingOption();\nmoviePage.rateMovie();",
              "err": {},
              "uuid": "ceb9f342-8b40-46af-a045-5d8d98ad88b4",
              "parentUUID": "c52c7dc9-d6ec-4164-bbe4-4229541b41db",
              "isHook": false,
              "skipped": false
            },
            {
              "title": "Test top 250 TV Shows",
              "fullTitle": "Brite Test Frontend in firefox Test top 250 TV Shows",
              "timedOut": null,
              "duration": 45599,
              "state": "passed",
              "speed": "slow",
              "pass": true,
              "fail": false,
              "pending": false,
              "context": null,
              "code": "landingPage.menuBar('Top 250 TV Shows');\nlandingPage.clickByContains('Breaking Bad');\nmoviePage.openPhotos();\nmoviePage.openGallery();\nmoviePage.openGalleryFilter();\nmoviePage.openMorePeople();\nmoviePage.selectPhoto();",
              "err": {},
              "uuid": "a689686f-f8a0-4867-a7c2-6db0dda74207",
              "parentUUID": "c52c7dc9-d6ec-4164-bbe4-4229541b41db",
              "isHook": false,
              "skipped": false
            },
            {
              "title": "Test born today section",
              "fullTitle": "Brite Test Frontend in firefox Test born today section",
              "timedOut": null,
              "duration": 48093,
              "state": "passed",
              "speed": "slow",
              "pass": true,
              "fail": false,
              "pending": false,
              "context": null,
              "code": "landingPage.menuBar('Born Today');\nlandingPage.clickByContains('Birthday:');\nlandingPage.clickByContains('Birthday');\nbornTodayPage.searchByBirthday();\nbornTodayPage.takeScreen('Third profile born yesterday');",
              "err": {},
              "uuid": "9816daf3-102b-42a6-a581-e48ef0f8327b",
              "parentUUID": "c52c7dc9-d6ec-4164-bbe4-4229541b41db",
              "isHook": false,
              "skipped": false
            },
            {
              "title": "Test born 40 years ago today ",
              "fullTitle": "Brite Test Frontend in firefox Test born 40 years ago today ",
              "timedOut": null,
              "duration": 27243,
              "state": "passed",
              "speed": "slow",
              "pass": true,
              "fail": false,
              "pending": false,
              "context": null,
              "code": "landingPage.menuBar('Born Today');\nlandingPage.clickByContains('Birthday:');\nlandingPage.clickByContains('Birth date');\nbornTodayPage.searchByBirthDate();\nbornTodayPage.takeScreen('First link in description');",
              "err": {},
              "uuid": "85f49190-6ce6-4b94-ae78-360fc305ba7b",
              "parentUUID": "c52c7dc9-d6ec-4164-bbe4-4229541b41db",
              "isHook": false,
              "skipped": false
            }
          ],
          "suites": [],
          "passes": [
            "ceb9f342-8b40-46af-a045-5d8d98ad88b4",
            "a689686f-f8a0-4867-a7c2-6db0dda74207",
            "9816daf3-102b-42a6-a581-e48ef0f8327b",
            "85f49190-6ce6-4b94-ae78-360fc305ba7b"
          ],
          "failures": [],
          "pending": [],
          "skipped": [],
          "duration": 151531,
          "root": false,
          "rootEmpty": false,
          "_timeout": 2000
        }
      ],
      "passes": [],
      "failures": [],
      "pending": [],
      "skipped": [],
      "duration": 0,
      "root": true,
      "rootEmpty": true,
      "_timeout": 2000
    },
    {
      "uuid": "0fb7cdd1-27de-4d87-b4a6-7c242871f0d8",
      "title": "",
      "fullFile": "cypress\\e2e\\poke-api-tests.cy.js",
      "file": "cypress\\e2e\\poke-api-tests.cy.js",
      "beforeHooks": [],
      "afterHooks": [],
      "tests": [],
      "suites": [
        {
          "uuid": "cbab2781-557c-4ed7-a56f-c9605774759c",
          "title": "Brite Test Backend in firefox",
          "fullFile": "",
          "file": "",
          "beforeHooks": [],
          "afterHooks": [],
          "tests": [
            {
              "title": "Test berry by id ",
              "fullTitle": "Brite Test Backend in firefox Test berry by id ",
              "timedOut": null,
              "duration": 1153,
              "state": "passed",
              "speed": "fast",
              "pass": true,
              "fail": false,
              "pending": false,
              "context": null,
              "code": "cy.log('Get berry by id success scenario');\ncy.getBerry('1').then(response => {\n  cy.log(JSON.stringify(response.body));\n  expect(response.status).to.be.eq(200);\n  expect(response.body).to.be.jsonSchema(berrySuccessSchema);\n});\ncy.log('Get berry by id failure scenario');\ncy.getBerry('1q').then(response => {\n  cy.log(JSON.stringify(response.body));\n  expect(response.status).to.be.eq(404);\n  expect(response.body).to.be.eq('Not Found');\n});",
              "err": {},
              "uuid": "07ff921d-3b58-42ee-b763-39a4113d7f7e",
              "parentUUID": "cbab2781-557c-4ed7-a56f-c9605774759c",
              "isHook": false,
              "skipped": false
            },
            {
              "title": "Test berry by name ",
              "fullTitle": "Brite Test Backend in firefox Test berry by name ",
              "timedOut": null,
              "duration": 1052,
              "state": "passed",
              "speed": "fast",
              "pass": true,
              "fail": false,
              "pending": false,
              "context": null,
              "code": "cy.log('Get berry by name success scenario');\ncy.getBerry('sitrus').then(response => {\n  cy.log(JSON.stringify(response.body));\n  expect(response.status).to.be.eq(200);\n  expect(response.body).to.be.jsonSchema(berrySuccessSchema);\n});\ncy.log('Get berry by name failure scenario');\ncy.getBerry('Brite').then(response => {\n  cy.log(JSON.stringify(response.body));\n  expect(response.status).to.be.eq(404);\n  expect(response.body).to.be.eq('Not Found');\n});",
              "err": {},
              "uuid": "1e0a49c5-0d5c-4850-bd72-f134852181ea",
              "parentUUID": "cbab2781-557c-4ed7-a56f-c9605774759c",
              "isHook": false,
              "skipped": false
            },
            {
              "title": "Test berry-flavor by name ",
              "fullTitle": "Brite Test Backend in firefox Test berry-flavor by name ",
              "timedOut": null,
              "duration": 687,
              "state": "passed",
              "speed": "fast",
              "pass": true,
              "fail": false,
              "pending": false,
              "context": null,
              "code": "cy.log('Get list of all berries with sweet flavor');\ncy.getBerryByFlavor('sweet').then(response => {\n  cy.log(JSON.stringify(response.body));\n  expect(response.status).to.be.eq(200);\n  expect(response.body).to.be.jsonSchema(berryFlavorSuccessSchema);\n});",
              "err": {},
              "uuid": "df09eb75-17d4-4dd5-a494-b3cd95bda547",
              "parentUUID": "cbab2781-557c-4ed7-a56f-c9605774759c",
              "isHook": false,
              "skipped": false
            },
            {
              "title": "Find berry with high potency in spicy flavor",
              "fullTitle": "Brite Test Backend in firefox Find berry with high potency in spicy flavor",
              "timedOut": null,
              "duration": 1381,
              "state": "passed",
              "speed": "fast",
              "pass": true,
              "fail": false,
              "pending": false,
              "context": null,
              "code": "cy.log('Get list of all berries with spicy flavor');\nvar potencyVal = 0;\nvar berryName = 'a';\ncy.getBerryByFlavor('spicy').then(response => {\n  var resBody = response.body;\n  //cy.log(resBody.berries.length)\n  for (var i = 0; i < resBody.berries.length; i++) {\n    if (resBody.berries[i].potency > potencyVal) {\n      potencyVal = resBody.berries[i].potency;\n      berryName = resBody.berries[i].berry.name;\n    }\n    //cy.log(resBody.berries[i].berry.name, berryName , resBody.berries[i].potency , potencyVal)\n  }\n  cy.log(berryName + ' has the highest potency value of ' + potencyVal + ' in spicy flavour');\n  cy.getBerry(berryName).then(response => {\n    cy.log(JSON.stringify(response.body));\n    expect(response.status).to.be.eq(200);\n    expect(response.body).to.be.jsonSchema(berrySuccessSchema);\n  });\n});",
              "err": {},
              "uuid": "a6580d24-3534-46e2-9708-00cacadd6d77",
              "parentUUID": "cbab2781-557c-4ed7-a56f-c9605774759c",
              "isHook": false,
              "skipped": false
            }
          ],
          "suites": [],
          "passes": [
            "07ff921d-3b58-42ee-b763-39a4113d7f7e",
            "1e0a49c5-0d5c-4850-bd72-f134852181ea",
            "df09eb75-17d4-4dd5-a494-b3cd95bda547",
            "a6580d24-3534-46e2-9708-00cacadd6d77"
          ],
          "failures": [],
          "pending": [],
          "skipped": [],
          "duration": 4273,
          "root": false,
          "rootEmpty": false,
          "_timeout": 2000
        }
      ],
      "passes": [],
      "failures": [],
      "pending": [],
      "skipped": [],
      "duration": 0,
      "root": true,
      "rootEmpty": true,
      "_timeout": 2000
    },
    {
      "uuid": "0de3e7bd-2914-475a-b6f6-1f3fb22dfa59",
      "title": "",
      "fullFile": "cypress\\e2e\\actorUpcomingTest.cy.js",
      "file": "cypress\\e2e\\actorUpcomingTest.cy.js",
      "beforeHooks": [],
      "afterHooks": [],
      "tests": [],
      "suites": [
        {
          "uuid": "d284e2b0-7d33-4929-8e34-fd2634a66998",
          "title": "Brite Test Frontend in chrome",
          "fullFile": "",
          "file": "",
          "beforeHooks": [],
          "afterHooks": [],
          "tests": [
            {
              "title": "Test actors upcoming in pre-production",
              "fullTitle": "Brite Test Frontend in chrome Test actors upcoming in pre-production",
              "timedOut": null,
              "duration": 27678,
              "state": "passed",
              "speed": "slow",
              "pass": true,
              "fail": false,
              "pending": false,
              "context": null,
              "code": "landingPage.searchBar('Nicolas Cage');\nlandingPage.searchResults();\ncelebrityProfilePage.upcomingProjects('Pre-production');",
              "err": {},
              "uuid": "d6513d81-6458-4f14-9947-f65f9140badd",
              "parentUUID": "d284e2b0-7d33-4929-8e34-fd2634a66998",
              "isHook": false,
              "skipped": false
            }
          ],
          "suites": [],
          "passes": [
            "d6513d81-6458-4f14-9947-f65f9140badd"
          ],
          "failures": [],
          "pending": [],
          "skipped": [],
          "duration": 27678,
          "root": false,
          "rootEmpty": false,
          "_timeout": 2000
        }
      ],
      "passes": [],
      "failures": [],
      "pending": [],
      "skipped": [],
      "duration": 0,
      "root": true,
      "rootEmpty": true,
      "_timeout": 2000
    },
    {
      "uuid": "ab23aa58-6626-482b-b433-474c1d18e9aa",
      "title": "",
      "fullFile": "cypress\\e2e\\actorUpcomingTest.cy.js",
      "file": "cypress\\e2e\\actorUpcomingTest.cy.js",
      "beforeHooks": [],
      "afterHooks": [],
      "tests": [],
      "suites": [
        {
          "uuid": "3fc30ddc-90ac-45f9-9c7e-1abb0726323b",
          "title": "Brite Test Frontend in firefox",
          "fullFile": "",
          "file": "",
          "beforeHooks": [],
          "afterHooks": [],
          "tests": [
            {
              "title": "Test actors upcoming in pre-production",
              "fullTitle": "Brite Test Frontend in firefox Test actors upcoming in pre-production",
              "timedOut": null,
              "duration": 30276,
              "state": "passed",
              "speed": "slow",
              "pass": true,
              "fail": false,
              "pending": false,
              "context": null,
              "code": "landingPage.searchBar('Nicolas Cage');\nlandingPage.searchResults();\ncelebrityProfilePage.upcomingProjects('Pre-production');",
              "err": {},
              "uuid": "dffe9b22-12c0-41fc-bef2-fab5204eab30",
              "parentUUID": "3fc30ddc-90ac-45f9-9c7e-1abb0726323b",
              "isHook": false,
              "skipped": false
            }
          ],
          "suites": [],
          "passes": [
            "dffe9b22-12c0-41fc-bef2-fab5204eab30"
          ],
          "failures": [],
          "pending": [],
          "skipped": [],
          "duration": 30276,
          "root": false,
          "rootEmpty": false,
          "_timeout": 2000
        }
      ],
      "passes": [],
      "failures": [],
      "pending": [],
      "skipped": [],
      "duration": 0,
      "root": true,
      "rootEmpty": true,
      "_timeout": 2000
    }
  ],
  "meta": {
    "mocha": {
      "version": "7.0.1"
    },
    "mochawesome": {
      "options": {
        "quiet": false,
        "reportFilename": "mochawesome",
        "saveHtml": false,
        "saveJson": true,
        "consoleReporter": "spec",
        "useInlineDiffs": false,
        "code": true
      },
      "version": "7.1.3"
    },
    "marge": {
      "options": {
        "charts": true,
        "overwrite": false,
        "html": false,
        "json": true,
        "reportDir": "cypress/report/mochawesome-report"
      },
      "version": "6.2.0"
    }
  }
}